[backblue.gif]
[fade.gif]
[index.html]
[asyncware.wtf/static/img/logo.png]
[cdn.sellix.io/static/js/embed.js]
[cdn.sellix.io/static/css/embed.css]
[maxcdn.bootstrapcdn.com/bootstrap/4.5.2/css/bootstrap.min.css]
[ajax.googleapis.com/ajax/libs/jquery/3.5.1/jquery.min.js]
[cdnjs.cloudflare.com/ajax/libs/popper.js/1.16.0/umd/popper.min.js]
[maxcdn.bootstrapcdn.com/bootstrap/4.5.2/js/bootstrap.min.js]
[unpkg.com/aos@2.3.1/dist/aos.css]
[stackpath.bootstrapcdn.com/bootstrap/3.4.1/js/bootstrap.min.js]
[stackpath.bootstrapcdn.com/bootstrap/3.4.1/css/bootstrap.min.css]
[asyncware.wtf/assets/customize.png]
[asyncware.wtf/assets/baby.png]
[asyncware.wtf/assets/money.png]
[asyncware.wtf/index.html]
[cdn.sellix.io/static/css/embed.css]
[maxcdn.bootstrapcdn.com/bootstrap/4.5.2/css/bootstrap.min.css]
[unpkg.com/aos@2.3.1/dist/aos.css]
[stackpath.bootstrapcdn.com/bootstrap/3.4.1/css/bootstrap.min.css]
[asyncware.wtf/index.css]
[unpkg.com/aos@2.3.1/dist/aos.js]
